<?xml version="1.0" encoding="UTF-8"?>
<testng-results skipped="0" failed="0" total="1" passed="1">
  <reporter-output>
  </reporter-output>
  <suite name="Default suite" duration-ms="28427" started-at="2018-05-13T05:54:21Z" finished-at="2018-05-13T05:54:50Z">
    <groups>
    </groups>
    <test name="Default test" duration-ms="28427" started-at="2018-05-13T05:54:21Z" finished-at="2018-05-13T05:54:50Z">
      <class name="com.demo.regression.MyTest">
        <test-method status="PASS" signature="test01()[pri:0, instance:com.demo.regression.MyTest@573f2bb1]" name="test01" duration-ms="28405" started-at="2018-05-13T11:24:21Z" finished-at="2018-05-13T11:24:50Z">
          <reporter-output>
          </reporter-output>
        </test-method> <!-- test01 -->
      </class> <!-- com.demo.regression.MyTest -->
    </test> <!-- Default test -->
  </suite> <!-- Default suite -->
</testng-results>
